"caijw-> hello deno!"
caijw-> v8_set_flags_preprocess rest: [], v8_args: ["/Users/jingweicai/Documents/code/deno/target/debug/deno", "--log-debug", "--reload", "./1.ts"]
caijw-> v8_set_flags args: ["/Users/jingweicai/Documents/code/deno/target/debug/deno", "--log-debug", "--reload", "./1.ts"]
caijw-> v8_set_flags c_argv_len: 4
caijw-> set_flags args: ["/Users/jingweicai/Documents/code/deno/target/debug/deno", "--log-debug", "--reload", "./1.ts"]
caijw-> arg:"/Users/jingweicai/Documents/code/deno/target/debug/deno"
caijw-> fake_args:["/Users/jingweicai/Documents/code/deno/target/debug/deno"]
caijw-> matches.free: ["/Users/jingweicai/Documents/code/deno/target/debug/deno"]
caijw-> arg:"--log-debug"
caijw-> fake_args:["--log-debug"]
caijw-> arg:"--reload"
caijw-> fake_args:["--reload"]
caijw-> arg:"./1.ts"
caijw-> fake_args:["./1.ts"]
caijw-> matches.free: ["./1.ts"]
caijw-> set_recognized_flags rest: ["/Users/jingweicai/Documents/code/deno/target/debug/deno", "./1.ts"]
caijw-> rest_argv: ["/Users/jingweicai/Documents/code/deno/target/debug/deno", "./1.ts"]
DEBUG RS - mkdir -p /Users/jingweicai/.deno/gen
DEBUG RS - set dir perm to 493
DEBUG RS - mkdir -p /Users/jingweicai/.deno/deps
DEBUG RS - set dir perm to 493
DEBUG RS - mkdir -p /Users/jingweicai/.deno/deps/http
DEBUG RS - set dir perm to 493
DEBUG RS - mkdir -p /Users/jingweicai/.deno/deps/https
DEBUG RS - set dir perm to 493
DEBUG RS - root /Users/jingweicai/.deno
DEBUG RS - gen /Users/jingweicai/.deno/gen
DEBUG RS - deps /Users/jingweicai/.deno/deps
DEBUG RS - deps_http /Users/jingweicai/.deno/deps/http
DEBUG RS - deps_https /Users/jingweicai/.deno/deps/https
caijw-> Execute js_filename: <anonymous>
DEBUG RS - msg_from_js Start sync true
DEBUG JS - cwd /Users/jingweicai/Documents/code/learn/typescript
DEBUG JS - args [ "./1.ts" ]
caijw-> [js] inputFn ./1.ts
DEBUG RS - code_fetch. specifier ./1.ts referrer .
DEBUG RS - resolve_module specifier ./1.ts referrer .
DEBUG RS - resolve_module specifier ./1.ts referrer /Users/jingweicai/Documents/code/learn/typescript/./
DEBUG RS - is_absolute: false
DEBUG RS - base: file:///Users/jingweicai/Documents/code/learn/typescript/
DEBUG RS - j: file:///Users/jingweicai/Documents/code/learn/typescript/1.ts
DEBUG RS - module_name: /Users/jingweicai/Documents/code/learn/typescript/1.ts, filename: /Users/jingweicai/Documents/code/learn/typescript/1.ts
DEBUG RS - fetch local or reload /Users/jingweicai/Documents/code/learn/typescript/1.ts is_module_remote false
DEBUG RS - content_type: None
DEBUG RS - found local source 
DEBUG RS - source_code_hash, filename: /Users/jingweicai/Documents/code/learn/typescript/1.ts
DEBUG RS - cache_path gen: "/Users/jingweicai/.deno/gen"
DEBUG RS - load_cache code: /Users/jingweicai/.deno/gen/10043b6b786b3a44c52a12f51c76c92394baa556.js map: /Users/jingweicai/.deno/gen/10043b6b786b3a44c52a12f51c76c92394baa556.js.map
DEBUG RS - caijw-> try to get cache hash file, begin
DEBUG RS - caijw-> try to get cache hash file, end
DEBUG RS - read_output_code: let myName = 'Tom';
console.log(`My name is ${myName}`);
//# sourceMappingURL=1.js.map
//# sourceURL=/Users/jingweicai/Documents/code/learn/typescript/1.ts, read_source_map: read_source_map: {"version":3,"file":"1.js","sourceRoot":"","sources":["file:///Users/jingweicai/Documents/code/learn/typescript/1.ts"],"names":[],"mappings":"AACA,IAAI,MAAM,GAAG,KAAK,CAAC;AAEnB,OAAO,CAAC,GAAG,CAAC,cAAc,MAAM,EAAE,CAAC,CAAC"}
DEBUG RS - caijw-> load_cache result: Ok(("let myName = \'Tom\';\nconsole.log(`My name is ${myName}`);\n//# sourceMappingURL=1.js.map\n//# sourceURL=/Users/jingweicai/Documents/code/learn/typescript/1.ts", "{\"version\":3,\"file\":\"1.js\",\"sourceRoot\":\"\",\"sources\":[\"file:///Users/jingweicai/Documents/code/learn/typescript/1.ts\"],\"names\":[],\"mappings\":\"AACA,IAAI,MAAM,GAAG,KAAK,CAAC;AAEnB,OAAO,CAAC,GAAG,CAAC,cAAc,MAAM,EAAE,CAAC,CAAC\"}"))
My name is Tom
